<?xml version="1.0" encoding="UTF-8"?>
<!-- Generated by org.testng.reporters.JUnitReportReporter -->
<testsuite name="com.opencart.tests.OrderHistory" tests="1" time="84.695" ignored="0" failures="0" timestamp="28 Feb 2018 06:49:00 GMT" skipped="0" hostname="D-113065398" errors="0">
  <testcase name="Orderhistory" time="84.695" classname="com.opencart.tests.OrderHistory"/>
</testsuite> <!-- com.opencart.tests.OrderHistory -->
