<?xml version="1.0" encoding="UTF-8"?>
<!-- Generated by org.testng.reporters.JUnitReportReporter -->
<testsuite name="com.opencart.tests.TestNG2" tests="3" time="0.016" ignored="2" failures="0" timestamp="26 Feb 2018 09:30:30 GMT" skipped="0" hostname="D-113065398" errors="0">
  <testcase name="Test5" time="0.000" classname="com.opencart.tests.TestNG2"/>
  <testcase name="Test4" time="0.016" classname="com.opencart.tests.TestNG2"/>
  <testcase name="Test6" time="0.000" classname="com.opencart.tests.TestNG2"/>
  <testcase name="endReport" classname="pageoperations.ExtentReportsClass">
    <skipped/>
  </testcase> <!-- endReport -->
  <testcase name="startReport" classname="pageoperations.ExtentReportsClass">
    <skipped/>
  </testcase> <!-- startReport -->
</testsuite> <!-- com.opencart.tests.TestNG2 -->
