<?xml version="1.0" encoding="UTF-8"?>
<!-- Generated by org.testng.reporters.JUnitReportReporter -->
<testsuite name="com.opencart.tests.RegistrationAddToCart" tests="1" time="18.933" ignored="4" failures="0" timestamp="27 Feb 2018 13:34:04 GMT" skipped="0" hostname="D-113065398" errors="0">
  <testcase name="registration" time="18.933" classname="com.opencart.tests.RegistrationAddToCart"/>
  <testcase name="endReport" classname="pageoperations.ExtentReportsClass">
    <skipped/>
  </testcase> <!-- endReport -->
  <testcase name="endReport" classname="pageoperations.ExtentReportsClass">
    <skipped/>
  </testcase> <!-- endReport -->
  <testcase name="startReport" classname="pageoperations.ExtentReportsClass">
    <skipped/>
  </testcase> <!-- startReport -->
  <testcase name="startReport" classname="pageoperations.ExtentReportsClass">
    <skipped/>
  </testcase> <!-- startReport -->
</testsuite> <!-- com.opencart.tests.RegistrationAddToCart -->
