<?xml version="1.0" encoding="UTF-8"?>
<!-- Generated by org.testng.reporters.JUnitReportReporter -->
<testsuite name="com.opencart.tests.NGNewTest" tests="3" time="0.021" ignored="0" failures="0" timestamp="23 Feb 2018 09:09:45 GMT" skipped="0" hostname="D-113065398" errors="0">
  <testcase name="printnew" time="0.000" classname="com.opencart.tests.NGNewTest"/>
  <testcase name="print" time="0.000" classname="com.opencart.tests.NGNewTest"/>
  <testcase name="println" time="0.021" classname="com.opencart.tests.NGNewTest"/>
</testsuite> <!-- com.opencart.tests.NGNewTest -->
