<?xml version="1.0" encoding="UTF-8"?>
<!-- Generated by org.testng.reporters.JUnitReportReporter -->
<testsuite name="com.opencart.tests.TestNG1" tests="3" time="0.046" ignored="0" failures="0" timestamp="27 Feb 2018 10:33:18 GMT" skipped="0" hostname="D-113065398" errors="0">
  <testcase name="Test3" time="0.000" classname="com.opencart.tests.TestNG1"/>
  <testcase name="Test2" time="0.000" classname="com.opencart.tests.TestNG1"/>
  <testcase name="Test1" time="0.046" classname="com.opencart.tests.TestNG1"/>
</testsuite> <!-- com.opencart.tests.TestNG1 -->
