<?xml version="1.0" encoding="UTF-8"?>
<!-- Generated by org.testng.reporters.JUnitReportReporter -->
<testsuite name="com.opencart.tests.OpencartDemo" tests="2" time="0.005" ignored="2" failures="0" timestamp="27 Feb 2018 14:30:41 GMT" skipped="2" hostname="D-113065398" errors="0">
  <testcase name="addingPhonestocart" time="0.002" classname="com.opencart.tests.OpencartDemo">
    <skipped/>
  </testcase> <!-- addingPhonestocart -->
  <testcase name="productcomparison" time="0.003" classname="com.opencart.tests.OpencartDemo">
    <skipped/>
  </testcase> <!-- productcomparison -->
  <testcase name="endReport" classname="pageoperations.ExtentReportsClass">
    <skipped/>
  </testcase> <!-- endReport -->
  <testcase name="startReport" classname="pageoperations.ExtentReportsClass">
    <skipped/>
  </testcase> <!-- startReport -->
</testsuite> <!-- com.opencart.tests.OpencartDemo -->
